  [1m[35m (625.2ms)[0m  [1m[35mCREATE DATABASE "my_reddit_development" ENCODING = 'unicode'[0m
  ↳ bin/rails:9
  [1m[35m (245.7ms)[0m  [1m[35mCREATE DATABASE "my_reddit_test" ENCODING = 'unicode'[0m
  ↳ bin/rails:9
  [1m[35m (61.1ms)[0m  [1m[35mCREATE TABLE "schema_migrations" ("version" character varying NOT NULL PRIMARY KEY)[0m
  ↳ bin/rails:9
  [1m[35m (3.4ms)[0m  [1m[35mCREATE TABLE "ar_internal_metadata" ("key" character varying NOT NULL PRIMARY KEY, "value" character varying, "created_at" timestamp NOT NULL, "updated_at" timestamp NOT NULL)[0m
  ↳ bin/rails:9
  [1m[35m (0.4ms)[0m  [1m[34mSELECT pg_try_advisory_lock(3993435677584569720)[0m
  ↳ bin/rails:9
  [1m[35m (1.0ms)[0m  [1m[34mSELECT "schema_migrations"."version" FROM "schema_migrations" ORDER BY "schema_migrations"."version" ASC[0m
  ↳ bin/rails:9
Migrating to CreateUsers (20190205183408)
  [1m[35m (0.3ms)[0m  [1m[35mBEGIN[0m
  ↳ bin/rails:9
  [1m[35m (37.5ms)[0m  [1m[35mCREATE TABLE "users" ("id" bigserial primary key, "username" character varying NOT NULL, "password_digest" character varying NOT NULL, "session_token" character varying NOT NULL, "created_at" timestamp NOT NULL, "updated_at" timestamp NOT NULL)[0m
  ↳ db/migrate/20190205183408_create_users.rb:3
  [1m[35m (1.6ms)[0m  [1m[35mCREATE UNIQUE INDEX  "index_users_on_username" ON "users"  ("username")[0m
  ↳ db/migrate/20190205183408_create_users.rb:9
  [1m[35m (1.1ms)[0m  [1m[35mCREATE UNIQUE INDEX  "index_users_on_session_token" ON "users"  ("session_token")[0m
  ↳ db/migrate/20190205183408_create_users.rb:10
  [1m[36mActiveRecord::SchemaMigration Create (15.5ms)[0m  [1m[32mINSERT INTO "schema_migrations" ("version") VALUES ($1) RETURNING "version"[0m  [["version", "20190205183408"]]
  ↳ bin/rails:9
  [1m[35m (0.7ms)[0m  [1m[35mCOMMIT[0m
  ↳ bin/rails:9
  [1m[36mActiveRecord::InternalMetadata Load (12.8ms)[0m  [1m[34mSELECT  "ar_internal_metadata".* FROM "ar_internal_metadata" WHERE "ar_internal_metadata"."key" = $1 LIMIT $2[0m  [["key", "environment"], ["LIMIT", 1]]
  ↳ bin/rails:9
  [1m[35m (0.2ms)[0m  [1m[35mBEGIN[0m
  ↳ bin/rails:9
  [1m[36mActiveRecord::InternalMetadata Create (0.6ms)[0m  [1m[32mINSERT INTO "ar_internal_metadata" ("key", "value", "created_at", "updated_at") VALUES ($1, $2, $3, $4) RETURNING "key"[0m  [["key", "environment"], ["value", "development"], ["created_at", "2019-02-05 19:38:31.004153"], ["updated_at", "2019-02-05 19:38:31.004153"]]
  ↳ bin/rails:9
  [1m[35m (0.5ms)[0m  [1m[35mCOMMIT[0m
  ↳ bin/rails:9
  [1m[35m (0.3ms)[0m  [1m[34mSELECT pg_advisory_unlock(3993435677584569720)[0m
  ↳ bin/rails:9
  [1m[35m (0.6ms)[0m  [1m[34mSELECT "schema_migrations"."version" FROM "schema_migrations" ORDER BY "schema_migrations"."version" ASC[0m
  ↳ bin/rails:9
  [1m[35m (0.4ms)[0m  [1m[34mSELECT "schema_migrations"."version" FROM "schema_migrations" ORDER BY "schema_migrations"."version" ASC[0m
  ↳ bin/rails:9
  [1m[35m (0.3ms)[0m  [1m[34mSELECT "ar_internal_metadata"."value" FROM "ar_internal_metadata" WHERE "ar_internal_metadata"."key" = $1[0m  [["key", "environment"]]
  ↳ bin/rails:9
  [1m[35m (0.2ms)[0m  [1m[34mSELECT "schema_migrations"."version" FROM "schema_migrations" ORDER BY "schema_migrations"."version" ASC[0m
  ↳ bin/rails:9
  [1m[35m (0.2ms)[0m  [1m[34mSELECT "ar_internal_metadata"."value" FROM "ar_internal_metadata" WHERE "ar_internal_metadata"."key" = $1[0m  [["key", "environment"]]
  ↳ bin/rails:9
  [1m[35m (0.2ms)[0m  [1m[34mSELECT "schema_migrations"."version" FROM "schema_migrations" ORDER BY "schema_migrations"."version" ASC[0m
  ↳ bin/rails:9
  [1m[35m (0.3ms)[0m  [1m[34mSELECT "ar_internal_metadata"."value" FROM "ar_internal_metadata" WHERE "ar_internal_metadata"."key" = $1[0m  [["key", "environment"]]
  ↳ bin/rails:9
  [1m[35m (120.2ms)[0m  [1m[35mDROP DATABASE IF EXISTS "my_reddit_test"[0m
  ↳ bin/rails:9
  [1m[35m (240.8ms)[0m  [1m[35mCREATE DATABASE "my_reddit_test" ENCODING = 'unicode'[0m
  ↳ bin/rails:9
  [1m[35mSQL (1.0ms)[0m  [1m[35mCREATE EXTENSION IF NOT EXISTS "plpgsql"[0m
  ↳ db/schema.rb:16
  [1m[35m (12.2ms)[0m  [1m[35mDROP TABLE IF EXISTS "users" CASCADE[0m
  ↳ db/schema.rb:18
  [1m[35m (12.0ms)[0m  [1m[35mCREATE TABLE "users" ("id" bigserial primary key, "username" character varying NOT NULL, "password_digest" character varying NOT NULL, "session_token" character varying NOT NULL, "created_at" timestamp NOT NULL, "updated_at" timestamp NOT NULL)[0m
  ↳ db/schema.rb:18
  [1m[35m (2.7ms)[0m  [1m[35mCREATE UNIQUE INDEX  "index_users_on_session_token" ON "users"  ("session_token")[0m
  ↳ db/schema.rb:18
  [1m[35m (1.8ms)[0m  [1m[35mCREATE UNIQUE INDEX  "index_users_on_username" ON "users"  ("username")[0m
  ↳ db/schema.rb:18
  [1m[35m (5.4ms)[0m  [1m[35mCREATE TABLE "schema_migrations" ("version" character varying NOT NULL PRIMARY KEY)[0m
  ↳ db/schema.rb:13
  [1m[35m (1.4ms)[0m  [1m[34mSELECT "schema_migrations"."version" FROM "schema_migrations" ORDER BY "schema_migrations"."version" ASC[0m
  ↳ db/schema.rb:13
  [1m[35m (1.1ms)[0m  [1m[32mINSERT INTO "schema_migrations" (version) VALUES (20190205183408)[0m
  ↳ db/schema.rb:13
  [1m[35m (4.8ms)[0m  [1m[35mCREATE TABLE "ar_internal_metadata" ("key" character varying NOT NULL PRIMARY KEY, "value" character varying, "created_at" timestamp NOT NULL, "updated_at" timestamp NOT NULL)[0m
  ↳ db/schema.rb:13
  [1m[36mActiveRecord::InternalMetadata Load (0.9ms)[0m  [1m[34mSELECT  "ar_internal_metadata".* FROM "ar_internal_metadata" WHERE "ar_internal_metadata"."key" = $1 LIMIT $2[0m  [["key", "environment"], ["LIMIT", 1]]
  ↳ db/schema.rb:13
  [1m[35m (0.3ms)[0m  [1m[35mBEGIN[0m
  ↳ db/schema.rb:13
  [1m[36mActiveRecord::InternalMetadata Create (0.7ms)[0m  [1m[32mINSERT INTO "ar_internal_metadata" ("key", "value", "created_at", "updated_at") VALUES ($1, $2, $3, $4) RETURNING "key"[0m  [["key", "environment"], ["value", "development"], ["created_at", "2019-02-05 19:38:31.570580"], ["updated_at", "2019-02-05 19:38:31.570580"]]
  ↳ db/schema.rb:13
  [1m[35m (0.4ms)[0m  [1m[35mCOMMIT[0m
  ↳ db/schema.rb:13
  [1m[36mActiveRecord::InternalMetadata Load (0.7ms)[0m  [1m[34mSELECT  "ar_internal_metadata".* FROM "ar_internal_metadata" WHERE "ar_internal_metadata"."key" = $1 LIMIT $2[0m  [["key", "environment"], ["LIMIT", 1]]
  ↳ bin/rails:9
  [1m[35m (0.2ms)[0m  [1m[35mBEGIN[0m
  ↳ bin/rails:9
  [1m[36mActiveRecord::InternalMetadata Update (0.5ms)[0m  [1m[33mUPDATE "ar_internal_metadata" SET "value" = $1, "updated_at" = $2 WHERE "ar_internal_metadata"."key" = $3[0m  [["value", "test"], ["updated_at", "2019-02-05 19:38:31.607407"], ["key", "environment"]]
  ↳ bin/rails:9
  [1m[35m (0.4ms)[0m  [1m[35mCOMMIT[0m
  ↳ bin/rails:9
Started GET "/users" for 127.0.0.1 at 2019-02-05 11:56:31 -0800
  [1m[35m (2.0ms)[0m  [1m[34mSELECT "schema_migrations"."version" FROM "schema_migrations" ORDER BY "schema_migrations"."version" ASC[0m
  ↳ /usr/local/var/rbenv/versions/2.5.0/lib/ruby/gems/2.5.0/gems/activerecord-5.2.2/lib/active_record/log_subscriber.rb:98
Processing by UsersController#index as HTML
  Rendering users/index.html.erb within layouts/application
  [1m[36mUser Load (21.6ms)[0m  [1m[34mSELECT "users".* FROM "users"[0m
  ↳ app/views/users/index.html.erb:4
  Rendered users/index.html.erb within layouts/application (28.5ms)
  [1m[36mUser Load (13.7ms)[0m  [1m[34mSELECT  "users".* FROM "users" WHERE "users"."session_token" IS NULL LIMIT $1[0m  [["LIMIT", 1]]
  ↳ app/controllers/application_controller.rb:13
Completed 200 OK in 1262ms (Views: 1151.1ms | ActiveRecord: 38.6ms)


Started GET "/users/new" for 127.0.0.1 at 2019-02-05 11:56:41 -0800
Processing by UsersController#new as HTML
  Rendering users/new.html.erb within layouts/application
  Rendered users/new.html.erb within layouts/application (1.1ms)
  [1m[36mUser Load (0.7ms)[0m  [1m[34mSELECT  "users".* FROM "users" WHERE "users"."session_token" IS NULL LIMIT $1[0m  [["LIMIT", 1]]
  ↳ app/controllers/application_controller.rb:13
Completed 200 OK in 113ms (Views: 37.4ms | ActiveRecord: 51.9ms)


Started POST "/users" for 127.0.0.1 at 2019-02-05 11:56:48 -0800
Processing by UsersController#create as HTML
  Parameters: {"authenticity_token"=>"CjDC1SJ/1aHbXZbPLrNTv8sHaX1iVJIHWu2cBfZal7zTuu5YUmzBdAoTduicZpRKMuuA1tTK+ojan+80mHZ0+g==", "user"=>{"username"=>"andy", "password"=>"[FILTERED]"}}
  [1m[35m (0.2ms)[0m  [1m[35mBEGIN[0m
  ↳ app/controllers/users_controller.rb:10
  [1m[36mUser Exists (0.7ms)[0m  [1m[34mSELECT  1 AS one FROM "users" WHERE "users"."username" = $1 LIMIT $2[0m  [["username", "andy"], ["LIMIT", 1]]
  ↳ app/controllers/users_controller.rb:10
  [1m[36mUser Exists (0.4ms)[0m  [1m[34mSELECT  1 AS one FROM "users" WHERE "users"."session_token" = $1 LIMIT $2[0m  [["session_token", "7aG6m2h1VkoAvI9bqZZg7g"], ["LIMIT", 1]]
  ↳ app/controllers/users_controller.rb:10
  [1m[36mUser Create (1.0ms)[0m  [1m[32mINSERT INTO "users" ("username", "password_digest", "session_token", "created_at", "updated_at") VALUES ($1, $2, $3, $4, $5) RETURNING "id"[0m  [["username", "andy"], ["password_digest", "$2a$10$5itvm/rZxPwA52Fx85AkouwCvfRpeCD7ErbYhzPEC7r0GFXBHA4L2"], ["session_token", "7aG6m2h1VkoAvI9bqZZg7g"], ["created_at", "2019-02-05 19:56:49.077139"], ["updated_at", "2019-02-05 19:56:49.077139"]]
  ↳ app/controllers/users_controller.rb:10
  [1m[35m (26.6ms)[0m  [1m[35mCOMMIT[0m
  ↳ app/controllers/users_controller.rb:10
  [1m[35m (0.2ms)[0m  [1m[35mBEGIN[0m
  ↳ app/models/user.rb:30
  [1m[36mUser Exists (0.6ms)[0m  [1m[34mSELECT  1 AS one FROM "users" WHERE "users"."username" = $1 AND "users"."id" != $2 LIMIT $3[0m  [["username", "andy"], ["id", 1], ["LIMIT", 1]]
  ↳ app/models/user.rb:30
  [1m[36mUser Exists (0.6ms)[0m  [1m[34mSELECT  1 AS one FROM "users" WHERE "users"."session_token" = $1 AND "users"."id" != $2 LIMIT $3[0m  [["session_token", "46H0vAvMwhOga4FfokUIhg"], ["id", 1], ["LIMIT", 1]]
  ↳ app/models/user.rb:30
  [1m[36mUser Update (0.9ms)[0m  [1m[33mUPDATE "users" SET "session_token" = $1, "updated_at" = $2 WHERE "users"."id" = $3[0m  [["session_token", "46H0vAvMwhOga4FfokUIhg"], ["updated_at", "2019-02-05 19:56:49.110736"], ["id", 1]]
  ↳ app/models/user.rb:30
  [1m[35m (0.5ms)[0m  [1m[35mCOMMIT[0m
  ↳ app/models/user.rb:30
Redirected to http://localhost:3000/users
Completed 302 Found in 137ms (ActiveRecord: 31.6ms)


Started GET "/users" for 127.0.0.1 at 2019-02-05 11:56:49 -0800
Processing by UsersController#index as HTML
  Rendering users/index.html.erb within layouts/application
  [1m[36mUser Load (0.5ms)[0m  [1m[34mSELECT "users".* FROM "users"[0m
  ↳ app/views/users/index.html.erb:4
  Rendered users/index.html.erb within layouts/application (11.8ms)
  [1m[36mUser Load (0.3ms)[0m  [1m[34mSELECT  "users".* FROM "users" WHERE "users"."session_token" = $1 LIMIT $2[0m  [["session_token", "46H0vAvMwhOga4FfokUIhg"], ["LIMIT", 1]]
  ↳ app/controllers/application_controller.rb:13
Completed 200 OK in 36ms (Views: 34.0ms | ActiveRecord: 1.1ms)


Started POST "/session" for 127.0.0.1 at 2019-02-05 11:56:54 -0800
Processing by SessionsController#create as HTML
  Parameters: {"authenticity_token"=>"p7Qvec217CI2IDCq/2hK4sx2BX8v0+WCYO69pF0U9h5+PgP0vab49+du0I1NvY0XNZrs1JlNjQ3gnM6VMzgVWA=="}
Completed 500 Internal Server Error in 2ms (ActiveRecord: 0.0ms)



NoMethodError - undefined method `[]' for nil:NilClass:
  app/controllers/sessions_controller.rb:8:in `create'

Started POST "/__better_errors/18652ce66bff916f/variables" for 127.0.0.1 at 2019-02-05 11:56:55 -0800
Started POST "/session" for 127.0.0.1 at 2019-02-05 11:58:58 -0800
Processing by SessionsController#create as HTML
  Parameters: {"authenticity_token"=>"p7Qvec217CI2IDCq/2hK4sx2BX8v0+WCYO69pF0U9h5+PgP0vab49+du0I1NvY0XNZrs1JlNjQ3gnM6VMzgVWA=="}
Completed 500 Internal Server Error in 1ms (ActiveRecord: 0.0ms)



NoMethodError - undefined method `[]' for nil:NilClass:
  app/controllers/sessions_controller.rb:8:in `create'

Started POST "/__better_errors/3d2ad72f4b71cabb/variables" for 127.0.0.1 at 2019-02-05 11:58:59 -0800
Started GET "/users" for 127.0.0.1 at 2019-02-05 11:59:11 -0800
Processing by UsersController#index as HTML
  Rendering users/index.html.erb within layouts/application
  [1m[36mUser Load (0.5ms)[0m  [1m[34mSELECT "users".* FROM "users"[0m
  ↳ app/views/users/index.html.erb:4
  Rendered users/index.html.erb within layouts/application (2.2ms)
  [1m[36mUser Load (0.6ms)[0m  [1m[34mSELECT  "users".* FROM "users" WHERE "users"."session_token" = $1 LIMIT $2[0m  [["session_token", "46H0vAvMwhOga4FfokUIhg"], ["LIMIT", 1]]
  ↳ app/controllers/application_controller.rb:13
Completed 200 OK in 87ms (Views: 85.7ms | ActiveRecord: 1.0ms)


Started DELETE "/session" for 127.0.0.1 at 2019-02-05 11:59:13 -0800
Processing by SessionsController#destroy as HTML
  Parameters: {"authenticity_token"=>"7rpHbV1VKgxVMwDIWrk8cKm+moAXLFz4Ng0Vb2SFqVw3MGvgLUY+2YR94O/obPuFUFJzK6GyNHe2f2ZeCqlKGg=="}
  [1m[36mUser Load (0.6ms)[0m  [1m[34mSELECT  "users".* FROM "users" WHERE "users"."session_token" = $1 LIMIT $2[0m  [["session_token", "46H0vAvMwhOga4FfokUIhg"], ["LIMIT", 1]]
  ↳ app/controllers/application_controller.rb:13
Completed 500 Internal Server Error in 3ms (ActiveRecord: 0.6ms)



ArgumentError - wrong number of arguments (given 1, expected 0):
  app/controllers/application_controller.rb:24:in `logout'
  app/controllers/sessions_controller.rb:19:in `destroy'

Started POST "/__better_errors/3438ced6387cdf4f/variables" for 127.0.0.1 at 2019-02-05 11:59:13 -0800
Started GET "/session" for 127.0.0.1 at 2019-02-05 12:00:11 -0800
  
ActionController::RoutingError (No route matches [GET] "/session"):
  
actionpack (5.2.2) lib/action_dispatch/middleware/debug_exceptions.rb:65:in `call'
web-console (3.7.0) lib/web_console/middleware.rb:135:in `call_app'
web-console (3.7.0) lib/web_console/middleware.rb:30:in `block in call'
web-console (3.7.0) lib/web_console/middleware.rb:20:in `catch'
web-console (3.7.0) lib/web_console/middleware.rb:20:in `call'
actionpack (5.2.2) lib/action_dispatch/middleware/show_exceptions.rb:33:in `call'
railties (5.2.2) lib/rails/rack/logger.rb:38:in `call_app'
railties (5.2.2) lib/rails/rack/logger.rb:26:in `block in call'
activesupport (5.2.2) lib/active_support/tagged_logging.rb:71:in `block in tagged'
activesupport (5.2.2) lib/active_support/tagged_logging.rb:28:in `tagged'
activesupport (5.2.2) lib/active_support/tagged_logging.rb:71:in `tagged'
railties (5.2.2) lib/rails/rack/logger.rb:26:in `call'
sprockets-rails (3.2.1) lib/sprockets/rails/quiet_assets.rb:13:in `call'
actionpack (5.2.2) lib/action_dispatch/middleware/remote_ip.rb:81:in `call'
actionpack (5.2.2) lib/action_dispatch/middleware/request_id.rb:27:in `call'
rack (2.0.6) lib/rack/method_override.rb:22:in `call'
rack (2.0.6) lib/rack/runtime.rb:22:in `call'
activesupport (5.2.2) lib/active_support/cache/strategy/local_cache_middleware.rb:29:in `call'
actionpack (5.2.2) lib/action_dispatch/middleware/executor.rb:14:in `call'
actionpack (5.2.2) lib/action_dispatch/middleware/static.rb:127:in `call'
rack (2.0.6) lib/rack/sendfile.rb:111:in `call'
railties (5.2.2) lib/rails/engine.rb:524:in `call'
puma (3.12.0) lib/puma/configuration.rb:225:in `call'
puma (3.12.0) lib/puma/server.rb:658:in `handle_request'
puma (3.12.0) lib/puma/server.rb:472:in `process_client'
puma (3.12.0) lib/puma/server.rb:332:in `block in run'
puma (3.12.0) lib/puma/thread_pool.rb:133:in `block in spawn_thread'
Started GET "/users" for 127.0.0.1 at 2019-02-05 12:00:16 -0800
Processing by UsersController#index as HTML
  Rendering users/index.html.erb within layouts/application
  [1m[36mUser Load (0.4ms)[0m  [1m[34mSELECT "users".* FROM "users"[0m
  ↳ app/views/users/index.html.erb:4
  Rendered users/index.html.erb within layouts/application (19.4ms)
  [1m[36mUser Load (0.5ms)[0m  [1m[34mSELECT  "users".* FROM "users" WHERE "users"."session_token" = $1 LIMIT $2[0m  [["session_token", "46H0vAvMwhOga4FfokUIhg"], ["LIMIT", 1]]
  ↳ app/controllers/application_controller.rb:13
Completed 200 OK in 55ms (Views: 44.6ms | ActiveRecord: 6.8ms)


Started DELETE "/session" for 127.0.0.1 at 2019-02-05 12:00:17 -0800
Processing by SessionsController#destroy as HTML
  Parameters: {"authenticity_token"=>"yTNzmo9+pJo8KPtuAay9y2wbpN/9cllGYzzb1BLW0UsQuV8X/22wT+1mG0mzeXo+lfdNdEvsMcnjTqjlfPoyDQ=="}
  [1m[36mUser Load (0.4ms)[0m  [1m[34mSELECT  "users".* FROM "users" WHERE "users"."session_token" = $1 LIMIT $2[0m  [["session_token", "46H0vAvMwhOga4FfokUIhg"], ["LIMIT", 1]]
  ↳ app/controllers/application_controller.rb:13
  [1m[35m (0.2ms)[0m  [1m[35mBEGIN[0m
  ↳ app/models/user.rb:30
  [1m[36mUser Exists (0.5ms)[0m  [1m[34mSELECT  1 AS one FROM "users" WHERE "users"."username" = $1 AND "users"."id" != $2 LIMIT $3[0m  [["username", "andy"], ["id", 1], ["LIMIT", 1]]
  ↳ app/models/user.rb:30
  [1m[36mUser Exists (0.6ms)[0m  [1m[34mSELECT  1 AS one FROM "users" WHERE "users"."session_token" = $1 AND "users"."id" != $2 LIMIT $3[0m  [["session_token", "pz4iMFMrTApjUV9NCzwyTw"], ["id", 1], ["LIMIT", 1]]
  ↳ app/models/user.rb:30
  [1m[36mUser Update (0.6ms)[0m  [1m[33mUPDATE "users" SET "session_token" = $1, "updated_at" = $2 WHERE "users"."id" = $3[0m  [["session_token", "pz4iMFMrTApjUV9NCzwyTw"], ["updated_at", "2019-02-05 20:00:17.715540"], ["id", 1]]
  ↳ app/models/user.rb:30
  [1m[35m (0.5ms)[0m  [1m[35mCOMMIT[0m
  ↳ app/models/user.rb:30
Redirected to http://localhost:3000/session/new
Completed 302 Found in 11ms (ActiveRecord: 2.8ms)


Started GET "/session/new" for 127.0.0.1 at 2019-02-05 12:00:17 -0800
Processing by SessionsController#new as HTML
  Rendering sessions/new.html.erb within layouts/application
  Rendered sessions/new.html.erb within layouts/application (0.6ms)
  [1m[36mUser Load (8.0ms)[0m  [1m[34mSELECT  "users".* FROM "users" WHERE "users"."session_token" IS NULL LIMIT $1[0m  [["LIMIT", 1]]
  ↳ app/controllers/application_controller.rb:13
Completed 200 OK in 66ms (Views: 57.3ms | ActiveRecord: 8.0ms)


Started GET "/session/new" for 127.0.0.1 at 2019-02-05 12:00:28 -0800
Processing by SessionsController#new as HTML
  Rendering sessions/new.html.erb within layouts/application
  Rendered sessions/new.html.erb within layouts/application (0.6ms)
  [1m[36mUser Load (0.5ms)[0m  [1m[34mSELECT  "users".* FROM "users" WHERE "users"."session_token" IS NULL LIMIT $1[0m  [["LIMIT", 1]]
  ↳ app/controllers/application_controller.rb:13
Completed 200 OK in 42ms (Views: 41.3ms | ActiveRecord: 0.5ms)


Started POST "/session" for 127.0.0.1 at 2019-02-05 12:00:40 -0800
Processing by SessionsController#create as HTML
  Parameters: {"authenticity_token"=>"YU/C6lX5Z2J2XFM6DZETPsFue2HoIDm5gmyw0Ccmwr24xe5nJepzt6cSsx2/RNTLOIKSyl6+UTYCHsPhSQoh+w==", "user"=>{"username"=>"andy", "password"=>"[FILTERED]"}}
  [1m[36mUser Load (0.6ms)[0m  [1m[34mSELECT  "users".* FROM "users" WHERE "users"."username" = $1 LIMIT $2[0m  [["username", "andy"], ["LIMIT", 1]]
  ↳ app/models/user.rb:35
Redirected to http://localhost:3000/session/new
Completed 302 Found in 91ms (ActiveRecord: 0.6ms)


Started GET "/session/new" for 127.0.0.1 at 2019-02-05 12:00:40 -0800
Processing by SessionsController#new as HTML
  Rendering sessions/new.html.erb within layouts/application
  Rendered sessions/new.html.erb within layouts/application (0.6ms)
  [1m[36mUser Load (0.6ms)[0m  [1m[34mSELECT  "users".* FROM "users" WHERE "users"."session_token" IS NULL LIMIT $1[0m  [["LIMIT", 1]]
  ↳ app/controllers/application_controller.rb:13
Completed 200 OK in 23ms (Views: 22.2ms | ActiveRecord: 0.6ms)


Started POST "/session" for 127.0.0.1 at 2019-02-05 12:00:53 -0800
Processing by SessionsController#create as HTML
  Parameters: {"authenticity_token"=>"hsVz8XNpsaGblRj4gKYefROTf+I0SndIs15Ao8vnEdBfT198A3qldErb+N8yc9mI6n+WSYLUH8czLDOSpcvylg==", "user"=>{"username"=>"andy", "password"=>"[FILTERED]"}}
  [1m[36mUser Load (1.1ms)[0m  [1m[34mSELECT  "users".* FROM "users" WHERE "users"."username" = $1 LIMIT $2[0m  [["username", "andy"], ["LIMIT", 1]]
  ↳ app/models/user.rb:35
  [1m[35m (0.2ms)[0m  [1m[35mBEGIN[0m
  ↳ app/models/user.rb:30
  [1m[36mUser Exists (0.6ms)[0m  [1m[34mSELECT  1 AS one FROM "users" WHERE "users"."username" = $1 AND "users"."id" != $2 LIMIT $3[0m  [["username", "andy"], ["id", 1], ["LIMIT", 1]]
  ↳ app/models/user.rb:30
  [1m[36mUser Exists (0.6ms)[0m  [1m[34mSELECT  1 AS one FROM "users" WHERE "users"."session_token" = $1 AND "users"."id" != $2 LIMIT $3[0m  [["session_token", "NG2z17AyS35oizm6dfxSag"], ["id", 1], ["LIMIT", 1]]
  ↳ app/models/user.rb:30
  [1m[36mUser Update (0.6ms)[0m  [1m[33mUPDATE "users" SET "session_token" = $1, "updated_at" = $2 WHERE "users"."id" = $3[0m  [["session_token", "NG2z17AyS35oizm6dfxSag"], ["updated_at", "2019-02-05 20:00:53.568636"], ["id", 1]]
  ↳ app/models/user.rb:30
  [1m[35m (0.6ms)[0m  [1m[35mCOMMIT[0m
  ↳ app/models/user.rb:30
Redirected to http://localhost:3000/users
Completed 302 Found in 98ms (ActiveRecord: 3.7ms)


Started GET "/users" for 127.0.0.1 at 2019-02-05 12:00:53 -0800
Processing by UsersController#index as HTML
  Rendering users/index.html.erb within layouts/application
  [1m[36mUser Load (0.5ms)[0m  [1m[34mSELECT "users".* FROM "users"[0m
  ↳ app/views/users/index.html.erb:4
  Rendered users/index.html.erb within layouts/application (2.0ms)
  [1m[36mUser Load (0.5ms)[0m  [1m[34mSELECT  "users".* FROM "users" WHERE "users"."session_token" = $1 LIMIT $2[0m  [["session_token", "NG2z17AyS35oizm6dfxSag"], ["LIMIT", 1]]
  ↳ app/controllers/application_controller.rb:13
Completed 200 OK in 23ms (Views: 21.4ms | ActiveRecord: 1.0ms)


Started DELETE "/session" for 127.0.0.1 at 2019-02-05 12:01:06 -0800
Processing by SessionsController#destroy as HTML
  Parameters: {"authenticity_token"=>"D+y+z0o78scpzJxbpp1+4AMHE9fhLLwvxoGN4/MeI4DWZpJCOijmEviCfHwUSLkV+uv6fFey1KBG8/7SnTLAxg=="}
  [1m[36mUser Load (0.3ms)[0m  [1m[34mSELECT  "users".* FROM "users" WHERE "users"."session_token" = $1 LIMIT $2[0m  [["session_token", "NG2z17AyS35oizm6dfxSag"], ["LIMIT", 1]]
  ↳ app/controllers/application_controller.rb:13
  [1m[35m (0.2ms)[0m  [1m[35mBEGIN[0m
  ↳ app/models/user.rb:30
  [1m[36mUser Exists (0.5ms)[0m  [1m[34mSELECT  1 AS one FROM "users" WHERE "users"."username" = $1 AND "users"."id" != $2 LIMIT $3[0m  [["username", "andy"], ["id", 1], ["LIMIT", 1]]
  ↳ app/models/user.rb:30
  [1m[36mUser Exists (0.6ms)[0m  [1m[34mSELECT  1 AS one FROM "users" WHERE "users"."session_token" = $1 AND "users"."id" != $2 LIMIT $3[0m  [["session_token", "oJwj8PPSudXqQBcFfTEW3w"], ["id", 1], ["LIMIT", 1]]
  ↳ app/models/user.rb:30
  [1m[36mUser Update (0.7ms)[0m  [1m[33mUPDATE "users" SET "session_token" = $1, "updated_at" = $2 WHERE "users"."id" = $3[0m  [["session_token", "oJwj8PPSudXqQBcFfTEW3w"], ["updated_at", "2019-02-05 20:01:06.136514"], ["id", 1]]
  ↳ app/models/user.rb:30
  [1m[35m (0.6ms)[0m  [1m[35mCOMMIT[0m
  ↳ app/models/user.rb:30
Redirected to http://localhost:3000/session/new
Completed 302 Found in 11ms (ActiveRecord: 3.0ms)


Started GET "/session/new" for 127.0.0.1 at 2019-02-05 12:01:06 -0800
Processing by SessionsController#new as HTML
  Rendering sessions/new.html.erb within layouts/application
  Rendered sessions/new.html.erb within layouts/application (0.7ms)
  [1m[36mUser Load (0.7ms)[0m  [1m[34mSELECT  "users".* FROM "users" WHERE "users"."session_token" IS NULL LIMIT $1[0m  [["LIMIT", 1]]
  ↳ app/controllers/application_controller.rb:13
Completed 200 OK in 26ms (Views: 25.1ms | ActiveRecord: 0.7ms)


Started GET "/users/new" for 127.0.0.1 at 2019-02-05 12:03:21 -0800
Processing by UsersController#new as HTML
  Rendering users/new.html.erb within layouts/application
  Rendered users/new.html.erb within layouts/application (0.7ms)
  [1m[36mUser Load (0.5ms)[0m  [1m[34mSELECT  "users".* FROM "users" WHERE "users"."session_token" IS NULL LIMIT $1[0m  [["LIMIT", 1]]
  ↳ app/controllers/application_controller.rb:13
Completed 200 OK in 73ms (Views: 62.6ms | ActiveRecord: 0.5ms)


Started GET "/users/new" for 127.0.0.1 at 2019-02-05 12:03:23 -0800
Processing by UsersController#new as HTML
  Rendering users/new.html.erb within layouts/application
  Rendered users/new.html.erb within layouts/application (0.9ms)
  [1m[36mUser Load (0.7ms)[0m  [1m[34mSELECT  "users".* FROM "users" WHERE "users"."session_token" IS NULL LIMIT $1[0m  [["LIMIT", 1]]
  ↳ app/controllers/application_controller.rb:13
Completed 200 OK in 35ms (Views: 30.0ms | ActiveRecord: 0.7ms)


Started GET "/users/new" for 127.0.0.1 at 2019-02-05 12:03:24 -0800
Processing by UsersController#new as HTML
  Rendering users/new.html.erb within layouts/application
  Rendered users/new.html.erb within layouts/application (0.8ms)
  [1m[36mUser Load (0.7ms)[0m  [1m[34mSELECT  "users".* FROM "users" WHERE "users"."session_token" IS NULL LIMIT $1[0m  [["LIMIT", 1]]
  ↳ app/controllers/application_controller.rb:13
Completed 200 OK in 30ms (Views: 25.8ms | ActiveRecord: 0.7ms)


Started POST "/users" for 127.0.0.1 at 2019-02-05 12:03:30 -0800
Processing by UsersController#create as HTML
  Parameters: {"authenticity_token"=>"xQAPraDSG5Bl9efEObgANqGLZQ6/SgS4RgGTl3RUf+EciiMg0MEPRbS7B+OLbcfDWGeMpQnUbDfGc+CmGnicpw==", "user"=>{"username"=>"ahmed", "password"=>"[FILTERED]"}}
  [1m[35m (0.2ms)[0m  [1m[35mBEGIN[0m
  ↳ app/controllers/users_controller.rb:10
  [1m[36mUser Exists (0.9ms)[0m  [1m[34mSELECT  1 AS one FROM "users" WHERE "users"."username" = $1 LIMIT $2[0m  [["username", "ahmed"], ["LIMIT", 1]]
  ↳ app/controllers/users_controller.rb:10
  [1m[36mUser Exists (0.5ms)[0m  [1m[34mSELECT  1 AS one FROM "users" WHERE "users"."session_token" = $1 LIMIT $2[0m  [["session_token", "4bMcDl06ZHP_-DgyT_pTDQ"], ["LIMIT", 1]]
  ↳ app/controllers/users_controller.rb:10
  [1m[36mUser Create (0.5ms)[0m  [1m[32mINSERT INTO "users" ("username", "password_digest", "session_token", "created_at", "updated_at") VALUES ($1, $2, $3, $4, $5) RETURNING "id"[0m  [["username", "ahmed"], ["password_digest", "$2a$10$Yg.a/0DKVPd/ESyicUTBfu2vjUI8.n7OCRcR2wAG4kh3m2pNlmna."], ["session_token", "4bMcDl06ZHP_-DgyT_pTDQ"], ["created_at", "2019-02-05 20:03:30.881422"], ["updated_at", "2019-02-05 20:03:30.881422"]]
  ↳ app/controllers/users_controller.rb:10
  [1m[35m (0.6ms)[0m  [1m[35mCOMMIT[0m
  ↳ app/controllers/users_controller.rb:10
  [1m[35m (0.2ms)[0m  [1m[35mBEGIN[0m
  ↳ app/models/user.rb:30
  [1m[36mUser Exists (0.4ms)[0m  [1m[34mSELECT  1 AS one FROM "users" WHERE "users"."username" = $1 AND "users"."id" != $2 LIMIT $3[0m  [["username", "ahmed"], ["id", 2], ["LIMIT", 1]]
  ↳ app/models/user.rb:30
  [1m[36mUser Exists (0.4ms)[0m  [1m[34mSELECT  1 AS one FROM "users" WHERE "users"."session_token" = $1 AND "users"."id" != $2 LIMIT $3[0m  [["session_token", "beeKgtJuYpjSDHsHkar2rQ"], ["id", 2], ["LIMIT", 1]]
  ↳ app/models/user.rb:30
  [1m[36mUser Update (0.6ms)[0m  [1m[33mUPDATE "users" SET "session_token" = $1, "updated_at" = $2 WHERE "users"."id" = $3[0m  [["session_token", "beeKgtJuYpjSDHsHkar2rQ"], ["updated_at", "2019-02-05 20:03:30.887327"], ["id", 2]]
  ↳ app/models/user.rb:30
  [1m[35m (0.6ms)[0m  [1m[35mCOMMIT[0m
  ↳ app/models/user.rb:30
Redirected to http://localhost:3000/users
Completed 302 Found in 103ms (ActiveRecord: 4.8ms)


Started GET "/users" for 127.0.0.1 at 2019-02-05 12:03:30 -0800
Processing by UsersController#index as HTML
  Rendering users/index.html.erb within layouts/application
  [1m[36mUser Load (0.4ms)[0m  [1m[34mSELECT "users".* FROM "users"[0m
  ↳ app/views/users/index.html.erb:4
  Rendered users/index.html.erb within layouts/application (1.7ms)
  [1m[36mUser Load (0.3ms)[0m  [1m[34mSELECT  "users".* FROM "users" WHERE "users"."session_token" = $1 LIMIT $2[0m  [["session_token", "beeKgtJuYpjSDHsHkar2rQ"], ["LIMIT", 1]]
  ↳ app/controllers/application_controller.rb:13
Completed 200 OK in 78ms (Views: 77.0ms | ActiveRecord: 0.7ms)


Started DELETE "/session" for 127.0.0.1 at 2019-02-05 12:03:35 -0800
Processing by SessionsController#destroy as HTML
  Parameters: {"authenticity_token"=>"+8k5tnMS8BTcxTh//QtNOHLJWjVF8NpaNjT3PUaovhIiQxU7AwHkwQ2L2FhP3orNiyWznvNustW2RoQMKIRdVA=="}
  [1m[36mUser Load (0.6ms)[0m  [1m[34mSELECT  "users".* FROM "users" WHERE "users"."session_token" = $1 LIMIT $2[0m  [["session_token", "beeKgtJuYpjSDHsHkar2rQ"], ["LIMIT", 1]]
  ↳ app/controllers/application_controller.rb:13
  [1m[35m (0.2ms)[0m  [1m[35mBEGIN[0m
  ↳ app/models/user.rb:30
  [1m[36mUser Exists (0.9ms)[0m  [1m[34mSELECT  1 AS one FROM "users" WHERE "users"."username" = $1 AND "users"."id" != $2 LIMIT $3[0m  [["username", "ahmed"], ["id", 2], ["LIMIT", 1]]
  ↳ app/models/user.rb:30
  [1m[36mUser Exists (0.4ms)[0m  [1m[34mSELECT  1 AS one FROM "users" WHERE "users"."session_token" = $1 AND "users"."id" != $2 LIMIT $3[0m  [["session_token", "kiF9srxRLVDHkDpgJ0OT7w"], ["id", 2], ["LIMIT", 1]]
  ↳ app/models/user.rb:30
  [1m[36mUser Update (0.5ms)[0m  [1m[33mUPDATE "users" SET "session_token" = $1, "updated_at" = $2 WHERE "users"."id" = $3[0m  [["session_token", "kiF9srxRLVDHkDpgJ0OT7w"], ["updated_at", "2019-02-05 20:03:35.905852"], ["id", 2]]
  ↳ app/models/user.rb:30
  [1m[35m (0.7ms)[0m  [1m[35mCOMMIT[0m
  ↳ app/models/user.rb:30
Redirected to http://localhost:3000/session/new
Completed 302 Found in 11ms (ActiveRecord: 3.4ms)


Started GET "/session/new" for 127.0.0.1 at 2019-02-05 12:03:35 -0800
Processing by SessionsController#new as HTML
  Rendering sessions/new.html.erb within layouts/application
  Rendered sessions/new.html.erb within layouts/application (0.7ms)
  [1m[36mUser Load (0.5ms)[0m  [1m[34mSELECT  "users".* FROM "users" WHERE "users"."session_token" IS NULL LIMIT $1[0m  [["LIMIT", 1]]
  ↳ app/controllers/application_controller.rb:13
Completed 200 OK in 48ms (Views: 47.2ms | ActiveRecord: 0.5ms)


Started POST "/session" for 127.0.0.1 at 2019-02-05 12:03:42 -0800
Processing by SessionsController#create as HTML
  Parameters: {"authenticity_token"=>"WAF7hmYXJ/odudaQlc7kR4hNQZRI60auhT1XW1T55u6Bi1cLFgQzL8z3NrcnGyOycaGoP/51LiEFTyRqOtUFqA==", "user"=>{"username"=>"aram", "password"=>"[FILTERED]"}}
  [1m[36mUser Load (0.6ms)[0m  [1m[34mSELECT  "users".* FROM "users" WHERE "users"."username" = $1 LIMIT $2[0m  [["username", "aram"], ["LIMIT", 1]]
  ↳ app/models/user.rb:35
Redirected to http://localhost:3000/session/new
Completed 302 Found in 3ms (ActiveRecord: 0.6ms)


Started GET "/session/new" for 127.0.0.1 at 2019-02-05 12:03:42 -0800
Processing by SessionsController#new as HTML
  Rendering sessions/new.html.erb within layouts/application
  Rendered sessions/new.html.erb within layouts/application (0.7ms)
  [1m[36mUser Load (0.5ms)[0m  [1m[34mSELECT  "users".* FROM "users" WHERE "users"."session_token" IS NULL LIMIT $1[0m  [["LIMIT", 1]]
  ↳ app/controllers/application_controller.rb:13
Completed 200 OK in 30ms (Views: 27.8ms | ActiveRecord: 0.5ms)


Started GET "/session/new" for 127.0.0.1 at 2019-02-05 12:03:53 -0800
Processing by SessionsController#new as HTML
  Rendering sessions/new.html.erb within layouts/application
  Rendered sessions/new.html.erb within layouts/application (0.6ms)
  [1m[36mUser Load (0.7ms)[0m  [1m[34mSELECT  "users".* FROM "users" WHERE "users"."session_token" IS NULL LIMIT $1[0m  [["LIMIT", 1]]
  ↳ app/controllers/application_controller.rb:13
Completed 200 OK in 27ms (Views: 25.3ms | ActiveRecord: 0.7ms)


Started GET "/session/new" for 127.0.0.1 at 2019-02-05 12:03:54 -0800
Processing by SessionsController#new as HTML
  Rendering sessions/new.html.erb within layouts/application
  Rendered sessions/new.html.erb within layouts/application (1.0ms)
  [1m[36mUser Load (0.5ms)[0m  [1m[34mSELECT  "users".* FROM "users" WHERE "users"."session_token" IS NULL LIMIT $1[0m  [["LIMIT", 1]]
  ↳ app/controllers/application_controller.rb:13
Completed 200 OK in 36ms (Views: 35.1ms | ActiveRecord: 0.5ms)


Started GET "/users/new" for 127.0.0.1 at 2019-02-05 12:03:58 -0800
Processing by UsersController#new as HTML
  Rendering users/new.html.erb within layouts/application
  Rendered users/new.html.erb within layouts/application (1.2ms)
  [1m[36mUser Load (0.5ms)[0m  [1m[34mSELECT  "users".* FROM "users" WHERE "users"."session_token" IS NULL LIMIT $1[0m  [["LIMIT", 1]]
  ↳ app/controllers/application_controller.rb:13
Completed 200 OK in 32ms (Views: 27.9ms | ActiveRecord: 0.5ms)


Started POST "/users" for 127.0.0.1 at 2019-02-05 12:04:05 -0800
Processing by UsersController#create as HTML
  Parameters: {"authenticity_token"=>"UhYQwdQ2fdb+ivT0Bi/rWOkviwsNNQA04UsZYOzcliuLnDxMpCVpAy/EFNO0+iytEMNioLuraLthOWpRgvB1bQ==", "user"=>{"username"=>"ahmed", "password"=>"[FILTERED]"}}
  [1m[35m (0.2ms)[0m  [1m[35mBEGIN[0m
  ↳ app/controllers/users_controller.rb:10
  [1m[36mUser Exists (0.6ms)[0m  [1m[34mSELECT  1 AS one FROM "users" WHERE "users"."username" = $1 LIMIT $2[0m  [["username", "ahmed"], ["LIMIT", 1]]
  ↳ app/controllers/users_controller.rb:10
  [1m[36mUser Exists (0.7ms)[0m  [1m[34mSELECT  1 AS one FROM "users" WHERE "users"."session_token" = $1 LIMIT $2[0m  [["session_token", "_xHMcmOUMqNIkLakbtu8YQ"], ["LIMIT", 1]]
  ↳ app/controllers/users_controller.rb:10
  [1m[35m (0.3ms)[0m  [1m[31mROLLBACK[0m
  ↳ app/controllers/users_controller.rb:10
Redirected to http://localhost:3000/users/new
Completed 302 Found in 178ms (ActiveRecord: 1.9ms)


Started GET "/users/new" for 127.0.0.1 at 2019-02-05 12:04:05 -0800
Processing by UsersController#new as HTML
  Rendering users/new.html.erb within layouts/application
  Rendered users/new.html.erb within layouts/application (0.6ms)
  [1m[36mUser Load (0.5ms)[0m  [1m[34mSELECT  "users".* FROM "users" WHERE "users"."session_token" IS NULL LIMIT $1[0m  [["LIMIT", 1]]
  ↳ app/controllers/application_controller.rb:13
Completed 200 OK in 25ms (Views: 22.5ms | ActiveRecord: 0.5ms)


Started GET "/users/new" for 127.0.0.1 at 2019-02-05 12:06:52 -0800
Processing by UsersController#new as HTML
  Rendering users/new.html.erb within layouts/application
  Rendered users/new.html.erb within layouts/application (1.9ms)
  [1m[36mUser Load (0.7ms)[0m  [1m[34mSELECT  "users".* FROM "users" WHERE "users"."session_token" IS NULL LIMIT $1[0m  [["LIMIT", 1]]
  ↳ app/controllers/application_controller.rb:13
Completed 200 OK in 66ms (Views: 54.0ms | ActiveRecord: 0.7ms)


Started GET "/users/new" for 127.0.0.1 at 2019-02-05 12:07:14 -0800
Processing by UsersController#new as HTML
  Rendering users/new.html.erb within layouts/application
  Rendered users/new.html.erb within layouts/application (0.6ms)
  [1m[36mUser Load (0.5ms)[0m  [1m[34mSELECT  "users".* FROM "users" WHERE "users"."session_token" IS NULL LIMIT $1[0m  [["LIMIT", 1]]
  ↳ app/controllers/application_controller.rb:13
Completed 200 OK in 28ms (Views: 23.9ms | ActiveRecord: 0.5ms)


Started POST "/users" for 127.0.0.1 at 2019-02-05 12:07:20 -0800
Processing by UsersController#create as HTML
  Parameters: {"authenticity_token"=>"1stqhR3yf0iKNwQjYPW+D3PtU/s3fkc0P+37dTgKwzUPQUYIbeFrnVt55ATSIHn6igG6UIHgL7u/n4hEViYgcw==", "user"=>{"username"=>"andy", "password"=>"[FILTERED]"}}
  [1m[35m (0.2ms)[0m  [1m[35mBEGIN[0m
  ↳ app/controllers/users_controller.rb:10
  [1m[36mUser Exists (0.5ms)[0m  [1m[34mSELECT  1 AS one FROM "users" WHERE "users"."username" = $1 LIMIT $2[0m  [["username", "andy"], ["LIMIT", 1]]
  ↳ app/controllers/users_controller.rb:10
  [1m[36mUser Exists (0.6ms)[0m  [1m[34mSELECT  1 AS one FROM "users" WHERE "users"."session_token" = $1 LIMIT $2[0m  [["session_token", "FRt_JRzv21I3Nm9nV1XNcQ"], ["LIMIT", 1]]
  ↳ app/controllers/users_controller.rb:10
  [1m[35m (0.2ms)[0m  [1m[31mROLLBACK[0m
  ↳ app/controllers/users_controller.rb:10
Redirected to http://localhost:3000/users/new
Completed 302 Found in 95ms (ActiveRecord: 1.5ms)


Started GET "/users/new" for 127.0.0.1 at 2019-02-05 12:07:20 -0800
Processing by UsersController#new as HTML
  Rendering users/new.html.erb within layouts/application
  Rendered users/new.html.erb within layouts/application (0.6ms)
  [1m[36mUser Load (0.5ms)[0m  [1m[34mSELECT  "users".* FROM "users" WHERE "users"."session_token" IS NULL LIMIT $1[0m  [["LIMIT", 1]]
  ↳ app/controllers/application_controller.rb:13
Completed 200 OK in 27ms (Views: 23.9ms | ActiveRecord: 0.5ms)


Started GET "/session/new" for 127.0.0.1 at 2019-02-05 12:07:27 -0800
Processing by SessionsController#new as HTML
  Rendering sessions/new.html.erb within layouts/application
  Rendered sessions/new.html.erb within layouts/application (1.1ms)
  [1m[36mUser Load (0.4ms)[0m  [1m[34mSELECT  "users".* FROM "users" WHERE "users"."session_token" IS NULL LIMIT $1[0m  [["LIMIT", 1]]
  ↳ app/controllers/application_controller.rb:13
Completed 200 OK in 98ms (Views: 97.0ms | ActiveRecord: 0.4ms)


Started POST "/session" for 127.0.0.1 at 2019-02-05 12:07:34 -0800
Processing by SessionsController#create as HTML
  Parameters: {"authenticity_token"=>"8BMMZO3yB/ZeUso2M/5Ui033WuGa6pm7dR/+bKwaM4ApmSDpneETI48cKhGBK5N+tBuzSix08TT1bY1dwjbQxg==", "user"=>{"username"=>"andy", "password"=>"[FILTERED]"}}
  [1m[36mUser Load (1.0ms)[0m  [1m[34mSELECT  "users".* FROM "users" WHERE "users"."username" = $1 LIMIT $2[0m  [["username", "andy"], ["LIMIT", 1]]
  ↳ app/models/user.rb:35
Redirected to http://localhost:3000/session/new
Completed 302 Found in 92ms (ActiveRecord: 1.0ms)


Started GET "/session/new" for 127.0.0.1 at 2019-02-05 12:07:34 -0800
Processing by SessionsController#new as HTML
  Rendering sessions/new.html.erb within layouts/application
  Rendered sessions/new.html.erb within layouts/application (0.7ms)
  [1m[36mUser Load (1.6ms)[0m  [1m[34mSELECT  "users".* FROM "users" WHERE "users"."session_token" IS NULL LIMIT $1[0m  [["LIMIT", 1]]
  ↳ app/controllers/application_controller.rb:13
Completed 200 OK in 26ms (Views: 24.3ms | ActiveRecord: 1.6ms)


  [1m[35m (0.2ms)[0m  [1m[34mSELECT pg_try_advisory_lock(3993435677584569720)[0m
  ↳ bin/rails:9
  [1m[35m (14.4ms)[0m  [1m[34mSELECT "schema_migrations"."version" FROM "schema_migrations" ORDER BY "schema_migrations"."version" ASC[0m
  ↳ bin/rails:9
Migrating to CreateSubs (20190205201241)
  [1m[35m (0.2ms)[0m  [1m[35mBEGIN[0m
  ↳ bin/rails:9
  [1m[35m (17.9ms)[0m  [1m[35mCREATE TABLE "subs" ("id" bigserial primary key, "title" character varying NOT NULL, "description" character varying NOT NULL, "moderator_id" integer NOT NULL, "created_at" timestamp NOT NULL, "updated_at" timestamp NOT NULL)[0m
  ↳ db/migrate/20190205201241_create_subs.rb:3
  [1m[35m (1.1ms)[0m  [1m[35mCREATE  INDEX  "index_subs_on_moderator_id" ON "subs"  ("moderator_id")[0m
  ↳ db/migrate/20190205201241_create_subs.rb:10
  [1m[36mActiveRecord::SchemaMigration Create (0.6ms)[0m  [1m[32mINSERT INTO "schema_migrations" ("version") VALUES ($1) RETURNING "version"[0m  [["version", "20190205201241"]]
  ↳ bin/rails:9
  [1m[35m (18.1ms)[0m  [1m[35mCOMMIT[0m
  ↳ bin/rails:9
  [1m[36mActiveRecord::InternalMetadata Load (0.5ms)[0m  [1m[34mSELECT  "ar_internal_metadata".* FROM "ar_internal_metadata" WHERE "ar_internal_metadata"."key" = $1 LIMIT $2[0m  [["key", "environment"], ["LIMIT", 1]]
  ↳ bin/rails:9
  [1m[35m (0.3ms)[0m  [1m[35mBEGIN[0m
  ↳ bin/rails:9
  [1m[35m (0.2ms)[0m  [1m[35mCOMMIT[0m
  ↳ bin/rails:9
  [1m[35m (0.3ms)[0m  [1m[34mSELECT pg_advisory_unlock(3993435677584569720)[0m
  ↳ bin/rails:9
  [1m[35m (0.3ms)[0m  [1m[34mSELECT "schema_migrations"."version" FROM "schema_migrations" ORDER BY "schema_migrations"."version" ASC[0m
  ↳ bin/rails:9
  [1m[35m (0.3ms)[0m  [1m[34mSELECT "schema_migrations"."version" FROM "schema_migrations" ORDER BY "schema_migrations"."version" ASC[0m
  ↳ bin/rails:9
  [1m[35m (0.2ms)[0m  [1m[34mSELECT "ar_internal_metadata"."value" FROM "ar_internal_metadata" WHERE "ar_internal_metadata"."key" = $1[0m  [["key", "environment"]]
  ↳ bin/rails:9
  [1m[35m (0.3ms)[0m  [1m[34mSELECT "schema_migrations"."version" FROM "schema_migrations" ORDER BY "schema_migrations"."version" ASC[0m
  ↳ bin/rails:9
  [1m[35m (0.2ms)[0m  [1m[34mSELECT "ar_internal_metadata"."value" FROM "ar_internal_metadata" WHERE "ar_internal_metadata"."key" = $1[0m  [["key", "environment"]]
  ↳ bin/rails:9
  [1m[35m (0.5ms)[0m  [1m[34mSELECT "schema_migrations"."version" FROM "schema_migrations" ORDER BY "schema_migrations"."version" ASC[0m
  ↳ bin/rails:9
  [1m[35m (0.5ms)[0m  [1m[34mSELECT "ar_internal_metadata"."value" FROM "ar_internal_metadata" WHERE "ar_internal_metadata"."key" = $1[0m  [["key", "environment"]]
  ↳ bin/rails:9
  [1m[35m (146.6ms)[0m  [1m[35mDROP DATABASE IF EXISTS "my_reddit_test"[0m
  ↳ bin/rails:9
  [1m[35m (495.4ms)[0m  [1m[35mCREATE DATABASE "my_reddit_test" ENCODING = 'unicode'[0m
  ↳ bin/rails:9
  [1m[35mSQL (0.5ms)[0m  [1m[35mCREATE EXTENSION IF NOT EXISTS "plpgsql"[0m
  ↳ db/schema.rb:16
  [1m[35m (0.7ms)[0m  [1m[35mDROP TABLE IF EXISTS "subs" CASCADE[0m
  ↳ db/schema.rb:18
  [1m[35m (11.8ms)[0m  [1m[35mCREATE TABLE "subs" ("id" bigserial primary key, "title" character varying NOT NULL, "description" character varying NOT NULL, "moderator_id" integer NOT NULL, "created_at" timestamp NOT NULL, "updated_at" timestamp NOT NULL)[0m
  ↳ db/schema.rb:18
  [1m[35m (1.7ms)[0m  [1m[35mCREATE  INDEX  "index_subs_on_moderator_id" ON "subs"  ("moderator_id")[0m
  ↳ db/schema.rb:18
  [1m[35m (0.3ms)[0m  [1m[35mDROP TABLE IF EXISTS "users" CASCADE[0m
  ↳ db/schema.rb:27
  [1m[35m (4.9ms)[0m  [1m[35mCREATE TABLE "users" ("id" bigserial primary key, "username" character varying NOT NULL, "password_digest" character varying NOT NULL, "session_token" character varying NOT NULL, "created_at" timestamp NOT NULL, "updated_at" timestamp NOT NULL)[0m
  ↳ db/schema.rb:27
  [1m[35m (2.0ms)[0m  [1m[35mCREATE UNIQUE INDEX  "index_users_on_session_token" ON "users"  ("session_token")[0m
  ↳ db/schema.rb:27
  [1m[35m (1.4ms)[0m  [1m[35mCREATE UNIQUE INDEX  "index_users_on_username" ON "users"  ("username")[0m
  ↳ db/schema.rb:27
  [1m[35m (3.3ms)[0m  [1m[35mCREATE TABLE "schema_migrations" ("version" character varying NOT NULL PRIMARY KEY)[0m
  ↳ db/schema.rb:13
  [1m[35m (0.9ms)[0m  [1m[34mSELECT "schema_migrations"."version" FROM "schema_migrations" ORDER BY "schema_migrations"."version" ASC[0m
  ↳ db/schema.rb:13
  [1m[35m (0.8ms)[0m  [1m[32mINSERT INTO "schema_migrations" (version) VALUES (20190205201241)[0m
  ↳ db/schema.rb:13
  [1m[35m (0.7ms)[0m  [1m[32mINSERT INTO "schema_migrations" (version) VALUES
(20190205183408);

[0m
  ↳ db/schema.rb:13
  [1m[35m (4.0ms)[0m  [1m[35mCREATE TABLE "ar_internal_metadata" ("key" character varying NOT NULL PRIMARY KEY, "value" character varying, "created_at" timestamp NOT NULL, "updated_at" timestamp NOT NULL)[0m
  ↳ db/schema.rb:13
  [1m[36mActiveRecord::InternalMetadata Load (0.4ms)[0m  [1m[34mSELECT  "ar_internal_metadata".* FROM "ar_internal_metadata" WHERE "ar_internal_metadata"."key" = $1 LIMIT $2[0m  [["key", "environment"], ["LIMIT", 1]]
  ↳ db/schema.rb:13
  [1m[35m (0.2ms)[0m  [1m[35mBEGIN[0m
  ↳ db/schema.rb:13
  [1m[36mActiveRecord::InternalMetadata Create (0.5ms)[0m  [1m[32mINSERT INTO "ar_internal_metadata" ("key", "value", "created_at", "updated_at") VALUES ($1, $2, $3, $4) RETURNING "key"[0m  [["key", "environment"], ["value", "development"], ["created_at", "2019-02-05 20:17:53.510763"], ["updated_at", "2019-02-05 20:17:53.510763"]]
  ↳ db/schema.rb:13
  [1m[35m (0.9ms)[0m  [1m[35mCOMMIT[0m
  ↳ db/schema.rb:13
  [1m[36mActiveRecord::InternalMetadata Load (0.3ms)[0m  [1m[34mSELECT  "ar_internal_metadata".* FROM "ar_internal_metadata" WHERE "ar_internal_metadata"."key" = $1 LIMIT $2[0m  [["key", "environment"], ["LIMIT", 1]]
  ↳ bin/rails:9
  [1m[35m (0.1ms)[0m  [1m[35mBEGIN[0m
  ↳ bin/rails:9
  [1m[36mActiveRecord::InternalMetadata Update (0.5ms)[0m  [1m[33mUPDATE "ar_internal_metadata" SET "value" = $1, "updated_at" = $2 WHERE "ar_internal_metadata"."key" = $3[0m  [["value", "test"], ["updated_at", "2019-02-05 20:17:53.515950"], ["key", "environment"]]
  ↳ bin/rails:9
  [1m[35m (0.5ms)[0m  [1m[35mCOMMIT[0m
  ↳ bin/rails:9
